app/build/intermediates/manifest_merge_blame_file/debug/manifest-merger-blame-debug-report.txt
1<?xml version="1.0" encoding="utf-8"?>
2<manifest xmlns:android="http://schemas.android.com/apk/res/android"
3    package="com.raywenderlich.placebook"
4    android:versionCode="1"
5    android:versionName="1.0" >
6
7    <uses-sdk
8        android:minSdkVersion="21"
8-->src\main\AndroidManifest.xml
9        android:targetSdkVersion="30" />
9-->src\main\AndroidManifest.xml
10
11    <uses-permission android:name="android.permission.ACCESS_FINE_LOCATION" />
11-->src\main\AndroidManifest.xml:4:5-79
11-->src\main\AndroidManifest.xml:4:22-76
12    <uses-permission android:name="android.permission.READ_EXTERNAL_STORAGE" />
12-->src\main\AndroidManifest.xml:5:5-79
12-->src\main\AndroidManifest.xml:5:22-77
13    <uses-permission android:name="android.permission.ACCESS_WIFI_STATE" />
13-->[com.google.android.libraries.places:places:2.2.0] AndroidManifest.xml:10:5-76
13-->[com.google.android.libraries.places:places:2.2.0] AndroidManifest.xml:10:22-73
14    <uses-permission android:name="android.permission.INTERNET" /> <!-- Include required permissions for Google Maps API to run. -->
14-->[com.google.android.libraries.places:places:2.2.0] AndroidManifest.xml:11:5-67
14-->[com.google.android.libraries.places:places:2.2.0] AndroidManifest.xml:11:22-64
15    <uses-permission android:name="android.permission.ACCESS_NETWORK_STATE" />
15-->[com.google.android.gms:play-services-maps:17.0.0] AndroidManifest.xml:23:5-79
15-->[com.google.android.gms:play-services-maps:17.0.0] AndroidManifest.xml:23:22-76
16
17    <uses-feature
17-->[com.google.android.gms:play-services-maps:17.0.0] AndroidManifest.xml:26:5-28:35
18        android:glEsVersion="0x00020000"
18-->[com.google.android.gms:play-services-maps:17.0.0] AndroidManifest.xml:27:9-41
19        android:required="true" />
19-->[com.google.android.gms:play-services-maps:17.0.0] AndroidManifest.xml:28:9-32
20
21    <application
21-->src\main\AndroidManifest.xml:6:5-41:19
22        android:allowBackup="true"
22-->src\main\AndroidManifest.xml:7:9-35
23        android:appComponentFactory="androidx.core.app.CoreComponentFactory"
23-->[androidx.core:core:1.3.1] AndroidManifest.xml:24:18-86
24        android:debuggable="true"
25        android:icon="@mipmap/ic_launcher"
25-->src\main\AndroidManifest.xml:8:9-43
26        android:label="@string/app_name"
26-->src\main\AndroidManifest.xml:9:9-41
27        android:roundIcon="@mipmap/ic_launcher_round"
27-->src\main\AndroidManifest.xml:10:9-54
28        android:supportsRtl="true"
28-->src\main\AndroidManifest.xml:11:9-35
29        android:testOnly="true"
30        android:theme="@style/AppTheme" >
30-->src\main\AndroidManifest.xml:12:9-40
31        <meta-data
31-->src\main\AndroidManifest.xml:13:9-15:55
32            android:name="com.google.android.geo.API_KEY"
32-->src\main\AndroidManifest.xml:14:13-58
33            android:value="@string/google_maps_key" />
33-->src\main\AndroidManifest.xml:15:13-52
34
35        <activity
35-->src\main\AndroidManifest.xml:17:9-25:20
36            android:name="com.raywenderlich.placebook.ui.MapsActivity"
36-->src\main\AndroidManifest.xml:18:13-44
37            android:label="@string/title_activity_maps"
37-->src\main\AndroidManifest.xml:19:13-56
38            android:theme="@style/AppTheme.NoActionBar" >
38-->src\main\AndroidManifest.xml:20:13-56
39            <intent-filter>
39-->src\main\AndroidManifest.xml:21:13-24:29
40                <action android:name="android.intent.action.MAIN" />
40-->src\main\AndroidManifest.xml:22:17-68
40-->src\main\AndroidManifest.xml:22:25-66
41
42                <category android:name="android.intent.category.LAUNCHER" />
42-->src\main\AndroidManifest.xml:23:17-76
42-->src\main\AndroidManifest.xml:23:27-74
43            </intent-filter>
44        </activity>
45        <activity
45-->src\main\AndroidManifest.xml:26:9-31:20
46            android:name="com.raywenderlich.placebook.ui.BookmarkDetailsActivity"
46-->src\main\AndroidManifest.xml:27:13-82
47            android:label="Bookmark"
47-->src\main\AndroidManifest.xml:28:13-37
48            android:theme="@style/AppTheme.NoActionBar"
48-->src\main\AndroidManifest.xml:29:13-56
49            android:windowSoftInputMode="stateHidden" >
49-->src\main\AndroidManifest.xml:30:13-54
50        </activity>
51
52        <provider
52-->src\main\AndroidManifest.xml:32:9-40:20
53            android:name="androidx.core.content.FileProvider"
53-->src\main\AndroidManifest.xml:33:13-62
54            android:authorities="com.raywenderlich.placebook.fileprovider"
54-->src\main\AndroidManifest.xml:34:13-75
55            android:exported="false"
55-->src\main\AndroidManifest.xml:35:13-37
56            android:grantUriPermissions="true" >
56-->src\main\AndroidManifest.xml:36:13-47
57            <meta-data
57-->src\main\AndroidManifest.xml:37:13-39:53
58                android:name="android.support.FILE_PROVIDER_PATHS"
58-->src\main\AndroidManifest.xml:38:17-67
59                android:resource="@xml/file_paths" />
59-->src\main\AndroidManifest.xml:39:17-51
60        </provider>
61
62        <service
62-->[androidx.room:room-runtime:2.2.4] AndroidManifest.xml:25:9-27:40
63            android:name="androidx.room.MultiInstanceInvalidationService"
63-->[androidx.room:room-runtime:2.2.4] AndroidManifest.xml:26:13-74
64            android:exported="false" />
64-->[androidx.room:room-runtime:2.2.4] AndroidManifest.xml:27:13-37
65
66        <activity
66-->[com.google.android.libraries.places:places:2.2.0] AndroidManifest.xml:14:9-20:20
67            android:name="com.google.android.libraries.places.widget.AutocompleteActivity"
67-->[com.google.android.libraries.places:places:2.2.0] AndroidManifest.xml:15:13-91
68            android:exported="false"
68-->[com.google.android.libraries.places:places:2.2.0] AndroidManifest.xml:16:13-37
69            android:label="@string/places_autocomplete_label"
69-->[com.google.android.libraries.places:places:2.2.0] AndroidManifest.xml:17:13-62
70            android:theme="@style/PlacesAutocompleteOverlay"
70-->[com.google.android.libraries.places:places:2.2.0] AndroidManifest.xml:18:13-61
71            android:windowSoftInputMode="adjustResize" >
71-->[com.google.android.libraries.places:places:2.2.0] AndroidManifest.xml:19:13-55
72        </activity> <!-- Needs to be explicitly declared on P+ -->
73        <uses-library
73-->[com.google.android.gms:play-services-maps:17.0.0] AndroidManifest.xml:33:9-35:40
74            android:name="org.apache.http.legacy"
74-->[com.google.android.gms:play-services-maps:17.0.0] AndroidManifest.xml:34:13-50
75            android:required="false" />
75-->[com.google.android.gms:play-services-maps:17.0.0] AndroidManifest.xml:35:13-37
76
77        <activity
77-->[com.google.android.gms:play-services-base:17.0.0] AndroidManifest.xml:23:9-26:75
78            android:name="com.google.android.gms.common.api.GoogleApiActivity"
78-->[com.google.android.gms:play-services-base:17.0.0] AndroidManifest.xml:24:13-79
79            android:exported="false"
79-->[com.google.android.gms:play-services-base:17.0.0] AndroidManifest.xml:25:13-37
80            android:theme="@android:style/Theme.Translucent.NoTitleBar" />
80-->[com.google.android.gms:play-services-base:17.0.0] AndroidManifest.xml:26:13-72
81
82        <meta-data
82-->[com.google.android.gms:play-services-basement:17.0.0] AndroidManifest.xml:23:9-25:69
83            android:name="com.google.android.gms.version"
83-->[com.google.android.gms:play-services-basement:17.0.0] AndroidManifest.xml:24:13-58
84            android:value="@integer/google_play_services_version" />
84-->[com.google.android.gms:play-services-basement:17.0.0] AndroidManifest.xml:25:13-66
85
86        <service
86-->[com.google.android.datatransport:transport-backend-cct:2.1.0] AndroidManifest.xml:29:9-35:19
87            android:name="com.google.android.datatransport.runtime.backends.TransportBackendDiscovery"
87-->[com.google.android.datatransport:transport-backend-cct:2.1.0] AndroidManifest.xml:30:13-103
88            android:exported="false" >
88-->[com.google.android.datatransport:transport-backend-cct:2.1.0] AndroidManifest.xml:31:13-37
89            <meta-data
89-->[com.google.android.datatransport:transport-backend-cct:2.1.0] AndroidManifest.xml:32:13-34:39
90                android:name="backend:com.google.android.datatransport.cct.CctBackendFactory"
90-->[com.google.android.datatransport:transport-backend-cct:2.1.0] AndroidManifest.xml:33:17-94
91                android:value="cct" />
91-->[com.google.android.datatransport:transport-backend-cct:2.1.0] AndroidManifest.xml:34:17-36
92        </service>
93        <service
93-->[com.google.android.datatransport:transport-runtime:2.1.0] AndroidManifest.xml:26:9-30:19
94            android:name="com.google.android.datatransport.runtime.scheduling.jobscheduling.JobInfoSchedulerService"
94-->[com.google.android.datatransport:transport-runtime:2.1.0] AndroidManifest.xml:27:13-117
95            android:exported="false"
95-->[com.google.android.datatransport:transport-runtime:2.1.0] AndroidManifest.xml:28:13-37
96            android:permission="android.permission.BIND_JOB_SERVICE" >
96-->[com.google.android.datatransport:transport-runtime:2.1.0] AndroidManifest.xml:29:13-69
97        </service>
98
99        <receiver
99-->[com.google.android.datatransport:transport-runtime:2.1.0] AndroidManifest.xml:32:9-34:40
100            android:name="com.google.android.datatransport.runtime.scheduling.jobscheduling.AlarmManagerSchedulerBroadcastReceiver"
100-->[com.google.android.datatransport:transport-runtime:2.1.0] AndroidManifest.xml:33:13-132
101            android:exported="false" />
101-->[com.google.android.datatransport:transport-runtime:2.1.0] AndroidManifest.xml:34:13-37
102
103        <provider
103-->[androidx.lifecycle:lifecycle-process:2.1.0] AndroidManifest.xml:23:9-27:43
104            android:name="androidx.lifecycle.ProcessLifecycleOwnerInitializer"
104-->[androidx.lifecycle:lifecycle-process:2.1.0] AndroidManifest.xml:24:13-79
105            android:authorities="com.raywenderlich.placebook.lifecycle-process"
105-->[androidx.lifecycle:lifecycle-process:2.1.0] AndroidManifest.xml:25:13-69
106            android:exported="false"
106-->[androidx.lifecycle:lifecycle-process:2.1.0] AndroidManifest.xml:26:13-37
107            android:multiprocess="true" />
107-->[androidx.lifecycle:lifecycle-process:2.1.0] AndroidManifest.xml:27:13-40
108    </application>
109
110</manifest>